<?xml version="1.0" encoding="UTF-8"?>
<!-- Generated by org.testng.reporters.JUnitReportReporter -->
<testsuite name="com.Project.Adactin_Runner_Class" tests="2" time="11.973" ignored="0" failures="0" timestamp="01 Apr 2022 14:20:36 GMT" skipped="0" hostname="LAPTOP-BQC46TD3" errors="0">
  <testcase name="HotelToBeBooked" time="8.454" classname="com.Project.Adactin_Runner_Class"/>
  <testcase name="HotelToBeSelected" time="3.519" classname="com.Project.Adactin_Runner_Class"/>
</testsuite> <!-- com.Project.Adactin_Runner_Class -->
